[23:48:10] [ServerMain/INFO]: Environment: Environment[sessionHost=https://sessionserver.mojang.com, servicesHost=https://api.minecraftservices.com, name=PROD]
[23:48:13] [ServerMain/INFO]: Loaded 1290 recipes
[23:48:13] [ServerMain/INFO]: Loaded 1399 advancements
[23:48:14] [Server thread/INFO]: Starting minecraft server version 1.21
[23:48:14] [Server thread/INFO]: Loading properties
[23:48:14] [Server thread/INFO]: Default game type: SURVIVAL
[23:48:14] [Server thread/INFO]: Generating keypair
[23:48:14] [Server thread/INFO]: Starting Minecraft server on *:25565
[23:48:14] [Server thread/INFO]: Using default channel type
[23:48:14] [Server thread/WARN]: **** SERVER IS RUNNING IN OFFLINE/INSECURE MODE!
[23:48:14] [Server thread/WARN]: The server will make no attempt to authenticate usernames. Beware.
[23:48:14] [Server thread/WARN]: While this makes the game possible to play without internet access, it also opens up the ability for hackers to connect with any username they choose.
[23:48:14] [Server thread/WARN]: To change this, set "online-mode" to "true" in the server.properties file.
[23:48:14] [Server thread/INFO]: Preparing level "world"
[23:48:15] [Server thread/INFO]: Preparing start region for dimension minecraft:overworld
[23:48:15] [Worker-Main-1/INFO]: Preparing spawn area: 0%
[23:48:16] [Server thread/INFO]: Time elapsed: 467 ms
[23:48:16] [Server thread/INFO]: Done (1.419s)! For help, type "help"
[23:48:17] [Server thread/INFO]: Player564[/127.0.0.1:56285] logged in with entity id 87 at (-25.5, 76.0, 66.5)
[23:48:17] [Server thread/INFO]: Player564 joined the game
[23:48:18] [Server thread/WARN]: UUID of added entity already exists: cgd['Squid'/111, l='ServerLevel[world]', x=-58.59, y=57.46, z=13.37]
[23:48:22] [Server thread/INFO]: Player564 lost connection: Disconnected
[23:48:22] [Server thread/INFO]: Player564 left the game
